[35m[Appium][39m Welcome to Appium v1.10.1
[35m[Appium][39m Non-default server args:
[35m[Appium][39m   port: 51299
[35m[Appium][39m   loglevel: info
[35m[Appium][39m   chromeDriverPort: 51300
[35m[Appium][39m   tmpDir: C:\Users\TECHOL~1\AppData\Local\Temp\\Katalon\Appium\Temp1548054254119
[35m[Appium][39m Appium REST http interface listener started on 0.0.0.0:51299
[35m[HTTP][39m [37m-->[39m [37mGET[39m [37m/wd/hub/status[39m
[35m[HTTP][39m [90m{}[39m
[35m[HTTP][39m [37m<-- GET /wd/hub/status [39m[32m200[39m [90m5 ms - 68[39m
[35m[HTTP][39m [90m[39m
[35m[HTTP][39m [37m-->[39m [37mGET[39m [37m/wd/hub/status[39m
[35m[HTTP][39m [90m{}[39m
[35m[HTTP][39m [37m<-- GET /wd/hub/status [39m[32m200[39m [90m1 ms - 68[39m
[35m[HTTP][39m [90m[39m
[35m[HTTP][39m [37m-->[39m [37mPOST[39m [37m/wd/hub/session[39m
[35m[HTTP][39m [90m{"desiredCapabilities":{"app":"C:\\Users\\TECHOLUTION\\Downloads\\IMDb Movies TV_v7.8.0.107800100_apkpure.com.apk","appWaitActivity":"com.*","autoGrantPermissions":true,"automationName":"uiautomator2","deviceId":"","deviceName":"Xiaomi MI MAX 2 (Android 7.1.1)","fullReset":false,"newCommandTimeout":1800,"noReset":true,"platform":"ANDROID","platformName":"Android","udid":"3393dc8c"},"capabilities":{"desiredCapabilities":{"app":"C:\\Users\\TECHOLUTION\\Downloads\\IMDb Movies TV_v7.8.0.107800100_apkpure.com.apk","appWaitActivity":"com.*","autoGrantPermissions":true,"automationName":"uiautomator2","deviceId":"","deviceName":"Xiaomi MI MAX 2 (Android 7.1.1)","fullReset":false,"newCommandTimeout":1800,"noReset":true,"platform":"ANDROID","platformName":"Android","udid":"3393dc8c"},"firstMatch":[{"platformName":"android"}]}}[39m
[35m[Appium][39m Could not parse W3C capabilities: 'deviceName' can't be blank
[35m[Appium][39m Trying to fix W3C capabilities by merging them with JSONWP caps
[35m[BaseDriver][39m The capabilities ["app","appWaitActivity","autoGrantPermissions","automationName","deviceId","deviceName","fullReset","newCommandTimeout","noReset","platform","udid"] are not standard capabilities and should have an extension prefix
[35m[Appium][39m Creating new AndroidUiautomator2Driver (v1.24.0) session
[35m[Appium][39m Capabilities:
[35m[Appium][39m   app: C:\Users\TECHOLUTION\Downloads\IMDb Movies TV_v7.8.0.107800100_apkpure.com.apk
[35m[Appium][39m   appWaitActivity: com.*
[35m[Appium][39m   autoGrantPermissions: true
[35m[Appium][39m   automationName: uiautomator2
[35m[Appium][39m   deviceId: 
[35m[Appium][39m   deviceName: Xiaomi MI MAX 2 (Android 7.1.1)
[35m[Appium][39m   fullReset: false
[35m[Appium][39m   newCommandTimeout: 1800
[35m[Appium][39m   noReset: true
[35m[Appium][39m   platform: ANDROID
[35m[Appium][39m   udid: 3393dc8c
[35m[Appium][39m   platformName: android
[35m[BaseDriver][39m The following capabilities were provided, but are not recognized by appium: deviceId, platform.
[35m[BaseDriver][39m Session created with session id: 0c98c666-f859-49b9-9c8b-1805147d117c
[35m[BaseDriver][39m Using local app 'C:\Users\TECHOLUTION\Downloads\IMDb Movies TV_v7.8.0.107800100_apkpure.com.apk'
[35m[AndroidDriver][39m Java version is: 1.8.0_181
[35m[ADB][39m Checking whether adb is present
[35m[ADB][39m Found 1 'build-tools' folders under 'C:\Users\TECHOLUTION\.katalon\tools\android_sdk' (newest first):
[35m[ADB][39m     C:/Users/TECHOLUTION/.katalon/tools/android_sdk/build-tools/28.0.3
[35m[ADB][39m Using adb.exe from C:\Users\TECHOLUTION\.katalon\tools\android_sdk\platform-tools\adb.exe
[35m[AndroidDriver][39m Retrieving device list
[35m[AndroidDriver][39m Using device: 3393dc8c
[35m[ADB][39m Using the alternative activity name detection method because of: Could not find apkanalyzer.bat in C:\Users\TECHOLUTION\.katalon\tools\android_sdk\platform-tools\apkanalyzer.bat,C:\Users\TECHOLUTION\.katalon\tools\android_sdk\emulator\apkanalyzer.bat,C:\Users\TECHOLUTION\.katalon\tools\android_sdk\tools\apkanalyzer.bat,C:\Users\TECHOLUTION\.katalon\tools\android_sdk\tools\bin\apkanalyzer.bat,C:\Users\TECHOLUTION\.katalon\tools\android_sdk\build-tools\28.0.3\apkanalyzer.bat. Do you have the Android SDK installed at 'C:\Users\TECHOLUTION\.katalon\tools\android_sdk'?
[35m[ADB][39m Checking whether aapt is present
[35m[ADB][39m Using aapt.exe from C:\Users\TECHOLUTION\.katalon\tools\android_sdk\build-tools\28.0.3\aapt.exe
[35m[ADB][39m Extracting package and launch activity from manifest
[35m[ADB][39m Package name: 'com.imdb.mobile'
[35m[ADB][39m Main activity name: 'com.imdb.mobile.HomeActivity'
[35m[ADB][39m Using apksigner.bat from C:\Users\TECHOLUTION\.katalon\tools\android_sdk\build-tools\28.0.3\apksigner.bat
[35m[ADB][39m Checking whether zipalign is present
[35m[ADB][39m Using zipalign.exe from C:\Users\TECHOLUTION\.katalon\tools\android_sdk\build-tools\28.0.3\zipalign.exe
[35m[ADB][39m io.appium.uiautomator2.server was not uninstalled, because it was not present on the device
[35m[ADB][39m io.appium.uiautomator2.server.test was not uninstalled, because it was not present on the device
[35m[UiAutomator2][39m Did not get confirmation UiAutomator2 deleteSession worked; Error was: UnknownError: An unknown server-side error occurred while processing the command. Original error: Trying to proxy a session command without session id
[35m[UiAutomator2][39m Unable to remove port forward 'Error executing adbExec. Original error: 'Command 'C\:\\Users\\TECHOLUTION\\.katalon\\tools\\android_sdk\\platform-tools\\adb.exe -P 5037 -s 3393dc8c forward --remove tcp\:8200' exited with code 1'; Stderr: 'error: listener 'tcp:8200' not found'; Code: '1''
[35m[HTTP][39m [37m<-- POST /wd/hub/session [39m[31m500[39m [90m7878 ms - 1853[39m
[35m[HTTP][39m [90m[39m
